[debug] > Exec(early(addDefaultCommands), None, None)
[debug] > Exec(addDefaultCommands, None, None)
[debug] > Exec(early(initialize), None, None)
[debug] > Exec(initialize, None, None)
[debug] > Exec(boot, None, None)
[debug] > Exec(writeSbtVersion, None, None)
[debug] > Exec(reload, None, None)
[debug] > Exec(sbtStashOnFailure, None, None)
[debug] > Exec(onFailure loadFailed, None, None)
[debug] > Exec(loadp, None, None)
[info] welcome to sbt 1.6.2 (Amazon.com Inc. Java 1.8.0_322)
[debug]       Load.loadUnit: plugins took 94.0858ms
[debug]       Load.loadUnit: defsScala took 0.3329ms
[debug] [Loading] Scanning directory C:\Users\dprondyaev\.sbt\1.0\plugins
[debug] [Loading] Found non-root projects 
[debug] [Loading] Done in C:\Users\dprondyaev\.sbt\1.0\plugins, returning: ()
[debug] deducing auto plugins based on known facts Set(Atom(sbt.plugins.CorePlugin)) and clauses Clauses(Clause(Atom(sbt.plugins.JvmPlugin),Set(Atom(sbt.plugins.IvyPlugin)))
[debug] Clause(Atom(sbt.ScriptedPlugin),Set(Atom(sbt.plugins.JvmPlugin)))
[debug] Clause(Atom(sbt.plugins.SbtPlugin),Set(Atom(sbt.ScriptedPlugin)))
[debug] Clause(Atom(sbt.plugins.SemanticdbPlugin),Set(Atom(sbt.plugins.JvmPlugin)))
[debug] Clause(Atom(sbt.plugins.JUnitXmlReportPlugin),Set(Atom(sbt.plugins.JvmPlugin)))
[debug] Clause(Atom(sbt.plugins.MiniDependencyTreePlugin),Set(Atom(sbt.plugins.JvmPlugin)))
[debug] Clause(Atom(sbt.plugins.CorePlugin),Set(Atom(sbt.plugins.IvyPlugin)))
[debug] Clause(Atom(sbt.plugins.IvyPlugin),Set(Atom(sbt.plugins.JvmPlugin)))
[debug] Clause(Atom(sbt.plugins.JvmPlugin),Set(Atom(sbt.plugins.SemanticdbPlugin)))
[debug] Clause(Atom(sbt.plugins.JvmPlugin),Set(Atom(sbt.plugins.JUnitXmlReportPlugin)))
[debug] Clause(Atom(sbt.plugins.CorePlugin),Set(Atom(sbt.plugins.Giter8TemplatePlugin)))
[debug] Clause(Atom(sbt.plugins.JvmPlugin),Set(Atom(sbt.plugins.MiniDependencyTreePlugin))))
[debug]   :: deduced result: Matched(sbt.plugins.CorePlugin,sbt.plugins.Giter8TemplatePlugin,sbt.plugins.IvyPlugin,sbt.plugins.JvmPlugin,sbt.plugins.MiniDependencyTreePlugin,sbt.plugins.JUnitXmlReportPlugin,sbt.plugins.SemanticdbPlugin)
[debug] Plugins.deducer#function took 14.8316 ms
[debug]           Load.resolveProject(global-plugins) took 48.3531ms
[debug]         Load.loadTransitive: finalizeProject(Project(id global-plugins, base: C:\Users\dprondyaev\.sbt\1.0\plugins, plugins: List(<none>))) took 88.3288ms
[debug] [Loading] Done in C:\Users\dprondyaev\.sbt\1.0\plugins, returning: (global-plugins)
[debug]       Load.loadUnit: loadedProjectsRaw took 107.6645ms
[debug]       Load.loadUnit: cleanEvalClasses took 0.2328ms
[debug]     Load.loadUnit(file:/C:/Users/dprondyaev/.sbt/1.0/plugins/, ...) took 210.0834ms
[debug]   Load.apply: load took 381.9596ms
[debug]   Load.apply: resolveProjects took 5.7525ms
[debug]   Load.apply: finalTransforms took 48.242ms
[debug]   Load.apply: config.delegates took 7.3618ms
[debug]   Load.apply: Def.make(settings)... took 299.2661ms
[debug]   Load.apply: structureIndex took 84.3963ms
[debug]   Load.apply: mkStreams took 1.7225ms
[info] loading global plugins from C:\Users\dprondyaev\.sbt\1.0\plugins
[debug] Running task... Cancel: Signal, check cycles: false, forcegc: true
[debug] Load.defaultLoad until apply took 2288.1924ms
[debug]           Load.loadUnit: plugins took 23.2178ms
[debug]           Load.loadUnit: defsScala took 0.0043ms
[debug] [Loading] Scanning directory C:\Users\dprondyaev\Downloads\Otus\HW1\json_homework\project
[debug]             Load.loadUnit: mkEval took 7.4805ms
[debug] [Loading] Found non-root projects 
[debug] [Loading] Done in C:\Users\dprondyaev\Downloads\Otus\HW1\json_homework\project, returning: ()
[debug] deducing auto plugins based on known facts Set(Atom(sbt.plugins.CorePlugin)) and clauses Clauses(Clause(Atom(sbt.plugins.JvmPlugin),Set(Atom(sbt.plugins.IvyPlugin)))
[debug] Clause(Atom(sbt.ScriptedPlugin),Set(Atom(sbt.plugins.JvmPlugin)))
[debug] Clause(Atom(sbt.plugins.SbtPlugin),Set(Atom(sbt.ScriptedPlugin)))
[debug] Clause(Atom(sbt.plugins.SemanticdbPlugin),Set(Atom(sbt.plugins.JvmPlugin)))
[debug] Clause(Atom(sbt.plugins.JUnitXmlReportPlugin),Set(Atom(sbt.plugins.JvmPlugin)))
[debug] Clause(Atom(sbt.plugins.MiniDependencyTreePlugin),Set(Atom(sbt.plugins.JvmPlugin)))
[debug] Clause(Atom(sbt.plugins.CorePlugin),Set(Atom(sbt.plugins.IvyPlugin)))
[debug] Clause(Atom(sbt.plugins.IvyPlugin),Set(Atom(sbt.plugins.JvmPlugin)))
[debug] Clause(Atom(sbt.plugins.JvmPlugin),Set(Atom(sbt.plugins.SemanticdbPlugin)))
[debug] Clause(Atom(sbt.plugins.JvmPlugin),Set(Atom(sbt.plugins.JUnitXmlReportPlugin)))
[debug] Clause(Atom(sbt.plugins.CorePlugin),Set(Atom(sbt.plugins.Giter8TemplatePlugin)))
[debug] Clause(Atom(sbt.plugins.JvmPlugin),Set(Atom(sbt.plugins.MiniDependencyTreePlugin))))
[debug]   :: deduced result: Matched(sbt.plugins.CorePlugin,sbt.plugins.Giter8TemplatePlugin,sbt.plugins.IvyPlugin,sbt.plugins.JvmPlugin,sbt.plugins.MiniDependencyTreePlugin,sbt.plugins.JUnitXmlReportPlugin,sbt.plugins.SemanticdbPlugin)
[debug] Plugins.deducer#function took 2.0496 ms
[info] loading settings for project json_homework-build from assembly.sbt ...
[debug]               Load.resolveProject(json_homework-build) took 3.1726ms
[debug]             Load.loadTransitive: finalizeProject(Project(id json_homework-build, base: C:\Users\dprondyaev\Downloads\Otus\HW1\json_homework\project, plugins: List(<none>))) took 6.0796ms
[debug] [Loading] Done in C:\Users\dprondyaev\Downloads\Otus\HW1\json_homework\project, returning: (json_homework-build)
[debug]           Load.loadUnit: loadedProjectsRaw took 1387.3524ms
[debug]           Load.loadUnit: cleanEvalClasses took 7.7087ms
[debug]         Load.loadUnit(file:/C:/Users/dprondyaev/Downloads/Otus/HW1/json_homework/project/, ...) took 1419.9176ms
[debug]       Load.apply: load took 1422.2023ms
[debug]       Load.apply: resolveProjects took 0.2079ms
[debug]       Load.apply: finalTransforms took 6.417ms
[debug]       Load.apply: config.delegates took 0.3574ms
[debug]       Load.apply: Def.make(settings)... took 67.0715ms
[debug]       Load.apply: structureIndex took 22.5121ms
[debug]       Load.apply: mkStreams took 0.0036ms
[info] loading project definition from C:\Users\dprondyaev\Downloads\Otus\HW1\json_homework\project
[debug] Running task... Cancel: Signal, check cycles: false, forcegc: true
[debug]     Load.loadUnit: plugins took 48706.6487ms
[debug]     Load.loadUnit: defsScala took 0.0042ms
[debug] [Loading] Scanning directory C:\Users\dprondyaev\Downloads\Otus\HW1\json_homework
[debug]       Load.loadUnit: mkEval took 0.6735ms
